<?xml version='1.0' encoding='UTF-8'?>
<testsuite hostname="PRCSGI1660L" name="com.akkademy.AkkademyDbTest" tests="1" errors="0" failures="0" time="0.115">
                     <properties>
[...]
</properties>
                     <testcase classname="com.akkademy.AkkademyDbTest" name="itShouldPlaceKeyValueFromSetMessageIntoMap" time="0.115">
                                                 
                                               </testcase>
                     <system-out></system-out>
                     <system-err></system-err>
                   </testsuite>